This is pdfTeX, Version 3.141592653-2.6-1.40.26 (MiKTeX 24.4) (preloaded format=pdflatex 2024.11.4)  7 NOV 2024 20:18
entering extended mode
 restricted \write18 enabled.
 file:line:error style messages enabled.
 %&-line parsing enabled.
**"/home/dkrish/Documents/WIL_COLSim/WIL_Internship_Reports/Code Proposal/main.tex"
(/home/dkrish/Documents/WIL_COLSim/WIL_Internship_Reports/Code Proposal/main.tex
LaTeX2e <2024-11-01>
L3 programming layer <2024-10-09>
(/home/dkrish/.miktex/texmfs/install/tex/latex/base/report.cls
Document Class: report 2024/06/29 v1.4n Standard LaTeX document class
(/home/dkrish/.miktex/texmfs/install/tex/latex/base/size12.clo
File: size12.clo 2024/06/29 v1.4n Standard LaTeX file (size option)
)
\c@part=\count196
\c@chapter=\count197
\c@section=\count198
\c@subsection=\count199
\c@subsubsection=\count266
\c@paragraph=\count267
\c@subparagraph=\count268
\c@figure=\count269
\c@table=\count270
\abovecaptionskip=\skip49
\belowcaptionskip=\skip50
\bibindent=\dimen141
) (/home/dkrish/.miktex/texmfs/install/tex/latex/base/fontenc.sty
Package: fontenc 2021/04/29 v2.0v Standard LaTeX package
) (/home/dkrish/.miktex/texmfs/install/tex/latex/base/inputenc.sty
Package: inputenc 2024/02/08 v1.3d Input encoding file
\inpenc@prehook=\toks17
\inpenc@posthook=\toks18
 (/home/dkrish/.miktex/texmfs/install/tex/latex/base/latin1.def
File: latin1.def 2024/02/08 v1.3d Input encoding file
)) (/home/dkrish/.miktex/texmfs/install/tex/latex/geometry/geometry.sty
Package: geometry 2020/01/02 v5.9 Page Geometry
 (/home/dkrish/.miktex/texmfs/install/tex/latex/graphics/keyval.sty
Package: keyval 2022/05/29 v1.15 key=value parser (DPC)
\KV@toks@=\toks19
) (/home/dkrish/.miktex/texmfs/install/tex/generic/iftex/ifvtex.sty
Package: ifvtex 2019/10/25 v1.7 ifvtex legacy package. Use iftex instead.
 (/home/dkrish/.miktex/texmfs/install/tex/generic/iftex/iftex.sty
Package: iftex 2022/02/03 v1.0f TeX engine tests
))
\Gm@cnth=\count271
\Gm@cntv=\count272
\c@Gm@tempcnt=\count273
\Gm@bindingoffset=\dimen142
\Gm@wd@mp=\dimen143
\Gm@odd@mp=\dimen144
\Gm@even@mp=\dimen145
\Gm@layoutwidth=\dimen146
\Gm@layoutheight=\dimen147
\Gm@layouthoffset=\dimen148
\Gm@layoutvoffset=\dimen149
\Gm@dimlist=\toks20
 (/home/dkrish/.miktex/texmfs/install/tex/latex/geometry/geometry.cfg)) (/home/dkrish/.miktex/texmfs/install/tex/generic/babel/babel.sty
Package: babel 2024/10/20 v24.12 The multilingual framework for pdfLaTeX, LuaLaTeX and XeLaTeX
\babel@savecnt=\count274
\U@D=\dimen150
\l@unhyphenated=\language1
 (/home/dkrish/.miktex/texmfs/install/tex/generic/babel/txtbabel.def)
\bbl@readstream=\read2
\bbl@dirlevel=\count275

*************************************
* Local config file bblopts.cfg used
*
(/home/dkrish/.miktex/texmfs/install/tex/latex/arabi/bblopts.cfg
File: bblopts.cfg 2005/09/08 v0.1 add Arabic and Farsi to "declared" options of babel
) (/home/dkrish/.miktex/texmfs/install/tex/latex/babel-english/english.ldf
Language: english 2017/06/06 v3.3r English support from the babel system
)) (/home/dkrish/.miktex/texmfs/install/tex/generic/babel/locale/en/babel-english.tex
Package babel Info: Importing font and identification data for english
(babel)             from babel-en.ini. Reported on input line 11.
) (/home/dkrish/.miktex/texmfs/install/tex/latex/listings/listings.sty
\lst@mode=\count276
\lst@gtempboxa=\box52
\lst@token=\toks21
\lst@length=\count277
\lst@currlwidth=\dimen151
\lst@column=\count278
\lst@pos=\count279
\lst@lostspace=\dimen152
\lst@width=\dimen153
\lst@newlines=\count280
\lst@lineno=\count281
\lst@maxwidth=\dimen154
 (/home/dkrish/.miktex/texmfs/install/tex/latex/listings/lstpatch.sty
File: lstpatch.sty 2024/09/23 1.10c (Carsten Heinz)
) (/home/dkrish/.miktex/texmfs/install/tex/latex/listings/lstmisc.sty
File: lstmisc.sty 2024/09/23 1.10c (Carsten Heinz)
\c@lstnumber=\count282
\lst@skipnumbers=\count283
\lst@framebox=\box53
) (/home/dkrish/.miktex/texmfs/install/tex/latex/listings/listings.cfg
File: listings.cfg 2024/09/23 1.10c listings configuration
))
Package: listings 2024/09/23 1.10c (Carsten Heinz)
 (/home/dkrish/.miktex/texmfs/install/tex/latex/graphics/color.sty
Package: color 2024/06/23 v1.3e Standard LaTeX Color (DPC)
 (/home/dkrish/.miktex/texmfs/install/tex/latex/graphics-cfg/color.cfg
File: color.cfg 2016/01/02 v1.6 sample color configuration
)
Package color Info: Driver file: pdftex.def on input line 149.
 (/home/dkrish/.miktex/texmfs/install/tex/latex/graphics-def/pdftex.def
File: pdftex.def 2024/04/13 v1.2c Graphics/color driver for pdftex
) (/home/dkrish/.miktex/texmfs/install/tex/latex/graphics/mathcolor.ltx)) (/home/dkrish/.miktex/texmfs/install/tex/latex/titlesec/titlesec.sty
Package: titlesec 2023/10/27 v2.16 Sectioning titles
\ttl@box=\box54
\beforetitleunit=\skip51
\aftertitleunit=\skip52
\ttl@plus=\dimen155
\ttl@minus=\dimen156
\ttl@toksa=\toks22
\titlewidth=\dimen157
\titlewidthlast=\dimen158
\titlewidthfirst=\dimen159
) (/home/dkrish/.miktex/texmfs/install/tex/latex/titling/titling.sty
Package: titling 2009/09/04 v2.1d maketitle typesetting
\thanksmarkwidth=\skip53
\thanksmargin=\skip54
\droptitle=\skip55
) (/home/dkrish/.miktex/texmfs/install/tex/latex/matlab-prettifier/matlab-prettifier.sty
Package: matlab-prettifier 2014/06/19 v0.3 A package for prettyprinting Matlab source code
 (/home/dkrish/.miktex/texmfs/install/tex/latex/base/textcomp.sty
Package: textcomp 2024/04/24 v2.1b Standard LaTeX package
) (/home/dkrish/.miktex/texmfs/install/tex/latex/xcolor/xcolor.sty
Package: xcolor 2024/09/29 v3.02 LaTeX color extensions (UK)
 (/home/dkrish/.miktex/texmfs/install/tex/latex/graphics-cfg/color.cfg
File: color.cfg 2016/01/02 v1.6 sample color configuration
)
Package xcolor Info: Driver file: pdftex.def on input line 274.
LaTeX Info: Redefining \color on input line 762.
 (/home/dkrish/.miktex/texmfs/install/tex/latex/graphics/mathcolor.ltx)
Package xcolor Info: Model `cmy' substituted by `cmy0' on input line 1349.
Package xcolor Info: Model `hsb' substituted by `rgb' on input line 1353.
Package xcolor Info: Model `RGB' extended on input line 1365.
Package xcolor Info: Model `HTML' substituted by `rgb' on input line 1367.
Package xcolor Info: Model `Hsb' substituted by `hsb' on input line 1368.
Package xcolor Info: Model `tHsb' substituted by `hsb' on input line 1369.
Package xcolor Info: Model `HSB' substituted by `hsb' on input line 1370.
Package xcolor Info: Model `Gray' substituted by `gray' on input line 1371.
Package xcolor Info: Model `wave' substituted by `hsb' on input line 1372.
)
\netBracketCount@mlpr=\count284
\blkLvl@mlpr=\count285
\blkLvlAtClassdef@mlpr=\count286
\emHeight@mlpr=\skip56
\jayDepth@mlpr=\skip57
\sectionRuleOffset@mlpr=\skip58
\toks@mlpr=\toks23
) (/home/dkrish/.miktex/texmfs/install/tex/latex/changepage/changepage.sty
Package: changepage 2009/10/20 v1.0c check page and change page layout
\c@cp@cntr=\count287
\cp@tempcnt=\count288
) (/home/dkrish/.miktex/texmfs/install/tex/latex/amsmath/amsmath.sty
Package: amsmath 2024/10/30 v2.17s AMS math features
\@mathmargin=\skip59

For additional information on amsmath, use the `?' option.
(/home/dkrish/.miktex/texmfs/install/tex/latex/amsmath/amstext.sty
Package: amstext 2021/08/26 v2.01 AMS text
 (/home/dkrish/.miktex/texmfs/install/tex/latex/amsmath/amsgen.sty
File: amsgen.sty 1999/11/30 v2.0 generic functions
\@emptytoks=\toks24
\ex@=\dimen160
)) (/home/dkrish/.miktex/texmfs/install/tex/latex/amsmath/amsbsy.sty
Package: amsbsy 1999/11/29 v1.2d Bold Symbols
\pmbraise@=\dimen161
) (/home/dkrish/.miktex/texmfs/install/tex/latex/amsmath/amsopn.sty
Package: amsopn 2022/04/08 v2.04 operator names
)
\inf@bad=\count289
LaTeX Info: Redefining \frac on input line 233.
\uproot@=\count290
\leftroot@=\count291
LaTeX Info: Redefining \overline on input line 398.
LaTeX Info: Redefining \colon on input line 409.
\classnum@=\count292
\DOTSCASE@=\count293
LaTeX Info: Redefining \ldots on input line 502.
LaTeX Info: Redefining \dots on input line 505.
LaTeX Info: Redefining \cdots on input line 638.
\Mathstrutbox@=\box55
\strutbox@=\box56
LaTeX Info: Redefining \big on input line 740.
LaTeX Info: Redefining \Big on input line 741.
LaTeX Info: Redefining \bigg on input line 742.
LaTeX Info: Redefining \Bigg on input line 743.
\big@size=\dimen162
LaTeX Font Info:    Redeclaring font encoding OML on input line 761.
LaTeX Font Info:    Redeclaring font encoding OMS on input line 762.
\macc@depth=\count294
LaTeX Info: Redefining \bmod on input line 923.
LaTeX Info: Redefining \pmod on input line 928.
LaTeX Info: Redefining \smash on input line 958.
LaTeX Info: Redefining \relbar on input line 988.
LaTeX Info: Redefining \Relbar on input line 989.
\c@MaxMatrixCols=\count295
\dotsspace@=\muskip17
\c@parentequation=\count296
\dspbrk@lvl=\count297
\tag@help=\toks25
\row@=\count298
\column@=\count299
\maxfields@=\count300
\andhelp@=\toks26
\eqnshift@=\dimen163
\alignsep@=\dimen164
\tagshift@=\dimen165
\tagwidth@=\dimen166
\totwidth@=\dimen167
\lineht@=\dimen168
\@envbody=\toks27
\multlinegap=\skip60
\multlinetaggap=\skip61
\mathdisplay@stack=\toks28
LaTeX Info: Redefining \[ on input line 2972.
LaTeX Info: Redefining \] on input line 2973.
) (/home/dkrish/.miktex/texmfs/install/tex/latex/enumitem/enumitem.sty
Package: enumitem 2019/06/20 v3.9 Customized lists
\labelindent=\skip62
\enit@outerparindent=\dimen169
\enit@toks=\toks29
\enit@inbox=\box57
\enit@count@id=\count301
\enitdp@description=\count302
) (/home/dkrish/.miktex/texmfs/install/tex/latex/graphics/graphicx.sty
Package: graphicx 2021/09/16 v1.2d Enhanced LaTeX Graphics (DPC,SPQR)
 (/home/dkrish/.miktex/texmfs/install/tex/latex/graphics/graphics.sty
Package: graphics 2024/08/06 v1.4g Standard LaTeX Graphics (DPC,SPQR)
 (/home/dkrish/.miktex/texmfs/install/tex/latex/graphics/trig.sty
Package: trig 2023/12/02 v1.11 sin cos tan (DPC)
) (/home/dkrish/.miktex/texmfs/install/tex/latex/graphics-cfg/graphics.cfg
File: graphics.cfg 2016/06/04 v1.11 sample graphics configuration
)
Package graphics Info: Driver file: pdftex.def on input line 106.
)
\Gin@req@height=\dimen170
\Gin@req@width=\dimen171
) (/home/dkrish/.miktex/texmfs/install/tex/latex/fancyhdr/fancyhdr.sty
Package: fancyhdr 2024/07/23 v4.3.1 Extensive control of page headers and footers
\f@nch@headwidth=\skip63
\f@nch@O@elh=\skip64
\f@nch@O@erh=\skip65
\f@nch@O@olh=\skip66
\f@nch@O@orh=\skip67
\f@nch@O@elf=\skip68
\f@nch@O@erf=\skip69
\f@nch@O@olf=\skip70
\f@nch@O@orf=\skip71
) (/home/dkrish/.miktex/texmfs/install/tex/latex/lastpage/lastpage.sty
Package: lastpage 2024/07/07 v2.1c lastpage: 2.09 or 2e? (HMM)
 (/home/dkrish/.miktex/texmfs/install/tex/latex/lastpage/lastpage2e.sty
Package: lastpage2e 2024/07/07 v2.1c Decide which 2e lastpage version to use (HMM)
 (/home/dkrish/.miktex/texmfs/install/tex/latex/lastpage/lastpagemodern.sty
Package: lastpagemodern 2024-07-07 v2.1c Refers to last page's name (HMM; JPG)
\c@lastpagecount=\count303
) 
)) (/home/dkrish/.miktex/texmfs/install/tex/latex/caption/caption.sty
Package: caption 2023/08/05 v3.6o Customizing captions (AR)
 (/home/dkrish/.miktex/texmfs/install/tex/latex/caption/caption3.sty
Package: caption3 2023/07/31 v2.4d caption3 kernel (AR)
\caption@tempdima=\dimen172
\captionmargin=\dimen173
\caption@leftmargin=\dimen174
\caption@rightmargin=\dimen175
\caption@width=\dimen176
\caption@indent=\dimen177
\caption@parindent=\dimen178
\caption@hangindent=\dimen179
Package caption Info: Standard document class detected.
)
\c@caption@flags=\count304
\c@continuedfloat=\count305
Package caption Info: changepage package is loaded.
\caption@adjustwidth@hsize=\dimen180
\caption@adjustwidth@linewidth=\dimen181
Package caption Info: listings package is loaded.
) (/home/dkrish/.miktex/texmfs/install/tex/latex/setspace/setspace.sty
Package: setspace 2022/12/04 v6.7b set line spacing
) (/home/dkrish/.miktex/texmfs/install/tex/latex/multirow/multirow.sty
Package: multirow 2021/03/15 v2.8 Span multiple rows of a table
\multirow@colwidth=\skip72
\multirow@cntb=\count306
\multirow@dima=\skip73
\bigstrutjot=\dimen182
) (/home/dkrish/.miktex/texmfs/install/tex/latex/float/float.sty
Package: float 2001/11/08 v1.3d Float enhancements (AL)
\c@float@type=\count307
\float@exts=\toks30
\float@box=\box58
\@float@everytoks=\toks31
\@floatcapt=\box59
) (/home/dkrish/.miktex/texmfs/install/tex/latex/comment/comment.sty
\CommentStream=\write3
 Excluding comment 'comment') (/home/dkrish/.miktex/texmfs/install/tex/latex/booktabs/booktabs.sty
Package: booktabs 2020/01/12 v1.61803398 Publication quality tables
\heavyrulewidth=\dimen183
\lightrulewidth=\dimen184
\cmidrulewidth=\dimen185
\belowrulesep=\dimen186
\belowbottomsep=\dimen187
\aboverulesep=\dimen188
\abovetopsep=\dimen189
\cmidrulesep=\dimen190
\cmidrulekern=\dimen191
\defaultaddspace=\dimen192
\@cmidla=\count308
\@cmidlb=\count309
\@aboverulesep=\dimen193
\@belowrulesep=\dimen194
\@thisruleclass=\count310
\@lastruleclass=\count311
\@thisrulewidth=\dimen195
) (/home/dkrish/.miktex/texmfs/install/tex/latex/tools/indentfirst.sty
Package: indentfirst 2023/07/02 v1.03 Indent first paragraph (DPC)
) (/home/dkrish/.miktex/texmfs/install/tex/latex/graphics/lscape.sty
Package: lscape 2020/05/28 v3.02 Landscape Pages (DPC)
) (/home/dkrish/.miktex/texmfs/install/tex/latex/threeparttable/threeparttable.sty
Package: threeparttable 2003/06/13  v 3.0
\@tempboxb=\box60
) (/home/dkrish/.miktex/texmfs/install/tex/latex/nomencl/nomencl.sty
Package: nomencl 2021/11/10 v5.6 Nomenclature package
 (/home/dkrish/.miktex/texmfs/install/tex/latex/xkeyval/xkeyval.sty
Package: xkeyval 2022/06/16 v2.9 package option processing (HA)
 (/home/dkrish/.miktex/texmfs/install/tex/generic/xkeyval/xkeyval.tex (/home/dkrish/.miktex/texmfs/install/tex/generic/xkeyval/xkvutils.tex
\XKV@toks=\toks32
\XKV@tempa@toks=\toks33
)
\XKV@depth=\count312
File: xkeyval.tex 2014/12/03 v2.7a key=value parser (HA)
)) (/home/dkrish/.miktex/texmfs/install/tex/latex/base/ifthen.sty
Package: ifthen 2024/03/16 v1.1e Standard LaTeX ifthen package (DPC)
) (/home/dkrish/.miktex/texmfs/install/tex/latex/koma-script/tocbasic.sty
Package: tocbasic 2024/10/24 v3.43 KOMA-Script package (handling toc-files)
 (/home/dkrish/.miktex/texmfs/install/tex/latex/koma-script/scrbase.sty
Package: scrbase 2024/10/24 v3.43 KOMA-Script package (KOMA-Script-independent basics and keyval usage)
 (/home/dkrish/.miktex/texmfs/install/tex/latex/koma-script/scrlfile.sty
Package: scrlfile 2024/10/24 v3.43 KOMA-Script package (file load hooks)
 (/home/dkrish/.miktex/texmfs/install/tex/latex/koma-script/scrlfile-hook.sty
Package: scrlfile-hook 2024/10/24 v3.43 KOMA-Script package (using LaTeX hooks)
 (/home/dkrish/.miktex/texmfs/install/tex/latex/koma-script/scrlogo.sty
Package: scrlogo 2024/10/24 v3.43 KOMA-Script package (logo)
)))
Applying: [2021/05/01] Usage of raw or classic option list on input line 254.
Already applied: [0000/00/00] Usage of raw or classic option list on input line 370.
)
\scr@dte@tocline@numberwidth=\skip74
\scr@dte@tocline@numbox=\box61
)
Package tocbasic Info: setting babel extension for `nlo' on input line 187.
Package tocbasic Info: setting babel extension for `nls' on input line 188.
\nomlabelwidth=\dimen196
\nom@tempdim=\dimen197
\nomitemsep=\skip75
) (/home/dkrish/.miktex/texmfs/install/tex/latex/lipsum/lipsum.sty (/home/dkrish/.miktex/texmfs/install/tex/latex/l3packages/l3keys2e/l3keys2e.sty (/home/dkrish/.miktex/texmfs/install/tex/latex/l3kernel/expl3.sty
Package: expl3 2024-10-09 L3 programming layer (loader) 
 (/home/dkrish/.miktex/texmfs/install/tex/latex/l3backend/l3backend-pdftex.def
File: l3backend-pdftex.def 2024-05-08 L3 backend support: PDF output (pdfTeX)
\l__color_backend_stack_int=\count313
\l__pdf_internal_box=\box62
))
Package: l3keys2e 2024-08-16 LaTeX2e option processing using LaTeX3 keys
)
Package: lipsum 2021-09-20 v2.7 150 paragraphs of Lorem Ipsum dummy text
\g__lipsum_par_int=\count314
\l__lipsum_a_int=\count315
\l__lipsum_b_int=\count316
 (/home/dkrish/.miktex/texmfs/install/tex/latex/lipsum/lipsum.ltd.tex)) (/home/dkrish/.miktex/texmfs/install/tex/latex/datetime2/datetime2.sty
Package: datetime2 2021/03/21 v1.5.7 (NLCT) date and time formats
 (/home/dkrish/.miktex/texmfs/install/tex/latex/tracklang/tracklang.sty
Package: tracklang 2022/12/13 v1.6.1 (NLCT) Track Languages
 (/home/dkrish/.miktex/texmfs/install/tex/generic/tracklang/tracklang.tex)) (/home/dkrish/.miktex/texmfs/install/tex/latex/etoolbox/etoolbox.sty
Package: etoolbox 2020/10/05 v2.5k e-TeX tools for LaTeX (JAW)
\etb@tempcnta=\count317
) (/home/dkrish/.miktex/texmfs/install/tex/latex/datetime2-english/datetime2-english.ldf
File: datetime2-english.ldf 2019/10/21 v1.05 (NLCT)
 (/home/dkrish/.miktex/texmfs/install/tex/latex/datetime2-english/datetime2-english-base.ldf
File: datetime2-english-base.ldf 2019/10/21 v1.05 (NLCT)
))) (/home/dkrish/.miktex/texmfs/install/tex/latex/minted/minted.sty
Package: minted 2024/10/29 v3.2.0 Yet another Pygments shim for LaTeX
 (/home/dkrish/.miktex/texmfs/install/tex/generic/catchfile/catchfile.sty
Package: catchfile 2019/12/09 v1.8 Catch the contents of a file (HO)
 (/home/dkrish/.miktex/texmfs/install/tex/generic/infwarerr/infwarerr.sty
Package: infwarerr 2019/12/03 v1.5 Providing info/warning/error messages (HO)
) (/home/dkrish/.miktex/texmfs/install/tex/generic/ltxcmds/ltxcmds.sty
Package: ltxcmds 2023-12-04 v1.26 LaTeX kernel commands for general use (HO)
) (/home/dkrish/.miktex/texmfs/install/tex/generic/etexcmds/etexcmds.sty
Package: etexcmds 2019/12/15 v1.7 Avoid name clashes with e-TeX commands (HO)
)) (/home/dkrish/.miktex/texmfs/install/tex/latex/fvextra/fvextra.sty
Package: fvextra 2024/10/16 v1.9.0 fvextra - extensions and patches for fancyvrb
 (/home/dkrish/.miktex/texmfs/install/tex/latex/fancyvrb/fancyvrb.sty
Package: fancyvrb 2024/01/20 4.5c verbatim text (tvz,hv)
\FV@CodeLineNo=\count318
\FV@InFile=\read3
\FV@TabBox=\box63
\c@FancyVerbLine=\count319
\FV@StepNumber=\count320
\FV@OutFile=\write4
) (/home/dkrish/.miktex/texmfs/install/tex/latex/upquote/upquote.sty
Package: upquote 2012/04/19 v1.3 upright-quote and grave-accent glyphs in verbatim
) (/home/dkrish/.miktex/texmfs/install/tex/latex/lineno/lineno.sty
Package: lineno 2023/05/20 line numbers on paragraphs v5.3
 (/home/dkrish/.miktex/texmfs/install/tex/latex/kvoptions/kvoptions.sty
Package: kvoptions 2022-06-15 v3.15 Key value format for package options (HO)
 (/home/dkrish/.miktex/texmfs/install/tex/latex/kvsetkeys/kvsetkeys.sty
Package: kvsetkeys 2022-10-05 v1.19 Key value parser (HO)
))
\linenopenalty=\count321
\output=\toks34
\linenoprevgraf=\count322
\linenumbersep=\dimen198
\linenumberwidth=\dimen199
\c@linenumber=\count323
\c@pagewiselinenumber=\count324
\c@LN@truepage=\count325
\c@internallinenumber=\count326
\c@internallinenumbers=\count327
\quotelinenumbersep=\dimen256
\bframerule=\dimen257
\bframesep=\dimen258
\bframebox=\box64
\linenoamsmath@ams@eqpen=\count328
LaTeX Info: Redefining \\ on input line 3180.
)
\c@FancyVerbWriteLine=\count329
\c@FancyVerbBufferIndex=\count330
\c@FancyVerbBufferLine=\count331
\c@FV@TrueTabGroupLevel=\count332
\c@FV@TrueTabCounter=\count333
\FV@TabBox@Group=\box65
\FV@TmpLength=\skip76
\c@FV@HighlightLinesStart=\count334
\c@FV@HighlightLinesStop=\count335
\FV@LoopCount=\count336
\FV@NCharsBox=\box66
\FV@BreakIndent=\dimen259
\FV@BreakIndentNChars=\count337
\FV@BreakSymbolSepLeft=\dimen260
\FV@BreakSymbolSepLeftNChars=\count338
\FV@BreakSymbolSepRight=\dimen261
\FV@BreakSymbolSepRightNChars=\count339
\FV@BreakSymbolIndentLeft=\dimen262
\FV@BreakSymbolIndentLeftNChars=\count340
\FV@BreakSymbolIndentRight=\dimen263
\FV@BreakSymbolIndentRightNChars=\count341
\c@FancyVerbLineBreakLast=\count342
\FV@LineBox=\box67
\FV@LineIndentBox=\box68
\c@FV@BreakBufferDepth=\count343
\FV@LineWidth=\dimen264
) (/home/dkrish/.miktex/texmfs/install/tex/latex/latex2pydata/latex2pydata.sty
Package: latex2pydata 2024/10/16 v0.3.0 latex2pydata - write data to file in Python literal format
 (/home/dkrish/.miktex/texmfs/install/tex/generic/pdftexcmds/pdftexcmds.sty
Package: pdftexcmds 2020-06-27 v0.33 Utility functions of pdfTeX for LuaTeX (HO)
Package pdftexcmds Info: \pdf@primitive is available.
Package pdftexcmds Info: \pdf@ifprimitive is available.
Package pdftexcmds Info: \pdfdraftmode found.
)
\c@pydata@bufferindex=\count344
) (/home/dkrish/.miktex/texmfs/install/tex/latex/pgf/utilities/pgfkeys.sty (/home/dkrish/.miktex/texmfs/install/tex/generic/pgf/utilities/pgfkeys.code.tex
\pgfkeys@pathtoks=\toks35
\pgfkeys@temptoks=\toks36
 (/home/dkrish/.miktex/texmfs/install/tex/generic/pgf/utilities/pgfkeyslibraryfiltered.code.tex
\pgfkeys@tmptoks=\toks37
))) (/home/dkrish/.miktex/texmfs/install/tex/latex/pgfopts/pgfopts.sty
Package: pgfopts 2014/07/10 v2.1a LaTeX package options with pgfkeys
\pgfopts@list@add@a@toks=\toks38
\pgfopts@list@add@b@toks=\toks39
) (/home/dkrish/.miktex/texmfs/install/tex/latex/tools/shellesc.sty
Package: shellesc 2023/07/08 v1.0d unified shell escape interface for LaTeX
Package shellesc Info: Restricted shell escape enabled on input line 77.
)
\c@minted@tmpcnt=\count345
\c@minted@FancyVerbLineTemp=\count346
\@float@every@listing=\toks40
\c@listing=\count347
) (/home/dkrish/.miktex/texmfs/install/tex/latex/listings/lstlang1.sty
File: lstlang1.sty 2024/09/23 1.10c listings language file
)
\c@stepsi=\count348
\enitdp@steps=\count349
LaTeX Font Info:    Trying to load font information for T1+ptm on input line 72.
 (/home/dkrish/.miktex/texmfs/install/tex/latex/psnfss/t1ptm.fd
File: t1ptm.fd 2001/06/04 font definitions for T1/ptm.
) (main.aux)
\openout1 = `main.aux'.

LaTeX Font Info:    Checking defaults for OML/cmm/m/it on input line 72.
LaTeX Font Info:    ... okay on input line 72.
LaTeX Font Info:    Checking defaults for OMS/cmsy/m/n on input line 72.
LaTeX Font Info:    ... okay on input line 72.
LaTeX Font Info:    Checking defaults for OT1/cmr/m/n on input line 72.
LaTeX Font Info:    ... okay on input line 72.
LaTeX Font Info:    Checking defaults for T1/cmr/m/n on input line 72.
LaTeX Font Info:    ... okay on input line 72.
LaTeX Font Info:    Checking defaults for TS1/cmr/m/n on input line 72.
LaTeX Font Info:    ... okay on input line 72.
LaTeX Font Info:    Checking defaults for OMX/cmex/m/n on input line 72.
LaTeX Font Info:    ... okay on input line 72.
LaTeX Font Info:    Checking defaults for U/cmr/m/n on input line 72.
LaTeX Font Info:    ... okay on input line 72.

*geometry* driver: auto-detecting
*geometry* detected driver: pdftex
*geometry* verbose mode - [ preamble ] result:
* driver: pdftex
* paper: a4paper
* layout: <same size as paper>
* layoutoffset:(h,v)=(0.0pt,0.0pt)
* modes: includehead includefoot twoside 
* h-part:(L,W,R)=(64.01869pt, 469.47049pt, 64.01869pt)
* v-part:(T,H,B)=(64.01869pt, 717.00946pt, 64.01869pt)
* \paperwidth=597.50787pt
* \paperheight=845.04684pt
* \textwidth=469.47049pt
* \textheight=636.00946pt
* \oddsidemargin=-8.2513pt
* \evensidemargin=-8.2513pt
* \topmargin=-8.2513pt
* \headheight=16.0pt
* \headsep=25.0pt
* \topskip=12.0pt
* \footskip=80.0pt
* \marginparwidth=85.0pt
* \marginparsep=10.0pt
* \columnsep=10.0pt
* \skip\footins=10.8pt plus 4.0pt minus 2.0pt
* \hoffset=0.0pt
* \voffset=0.0pt
* \mag=1000
* \@twocolumnfalse
* \@twosidetrue
* \@mparswitchtrue
* \@reversemarginfalse
* (1in=72.27pt=25.4mm, 1cm=28.453pt)

\c@lstlisting=\count350
Package tocbasic Info: setting babel extension for `lol' on input line 72.
(/home/dkrish/.miktex/texmfs/install/tex/context/base/mkii/supp-pdf.mkii
[Loading MPS to PDF converter (version 2006.09.02).]
\scratchcounter=\count351
\scratchdimen=\dimen265
\scratchbox=\box69
\nofMPsegments=\count352
\nofMParguments=\count353
\everyMPshowfont=\toks41
\MPscratchCnt=\count354
\MPscratchDim=\dimen266
\MPnumerator=\count355
\makeMPintoPDFobject=\count356
\everyMPtoPDFconversion=\toks42
) (/home/dkrish/.miktex/texmfs/install/tex/latex/epstopdf-pkg/epstopdf-base.sty
Package: epstopdf-base 2020-01-24 v2.11 Base part for package epstopdf
Package epstopdf-base Info: Redefining graphics rule for `.eps' on input line 485.
 (/home/dkrish/.miktex/texmfs/install/tex/latex/00miktex/epstopdf-sys.cfg
File: epstopdf-sys.cfg 2021/03/18 v2.0 Configuration of epstopdf for MiKTeX
))
Package caption Info: Begin \AtBeginDocument code.
Package caption Info: float package is loaded.
Package caption Info: threeparttable package is loaded.
Package caption Info: End \AtBeginDocument code.
 (sources/0_frontpage.tex
Package epstopdf Info: Source file: <root/Flinders_University_Logo_Stacked_RGB_Master.eps>
(epstopdf)                    date: 2022-09-11 21:33:05
(epstopdf)                    size: 1054266 bytes
(epstopdf)             Output file: <root/Flinders_University_Logo_Stacked_RGB_Master-eps-converted-to.pdf>
(epstopdf)                    date: 2024-11-05 19:58:18
(epstopdf)                    size: 26900 bytes
(epstopdf)             Command: <miktex-epstopdf --outfile=root/Flinders_University_Logo_Stacked_RGB_Master-eps-converted-to.pdf root/Flinders_University_Logo_Stacked_RGB_Master.eps>
(epstopdf)             \includegraphics on input line 8.
Package epstopdf Info: Output file is already uptodate.
<root/Flinders_University_Logo_Stacked_RGB_Master-eps-converted-to.pdf, id=1, 445.665pt x 465.74pt>
File: root/Flinders_University_Logo_Stacked_RGB_Master-eps-converted-to.pdf Graphic file (type pdf)
<use root/Flinders_University_Logo_Stacked_RGB_Master-eps-converted-to.pdf>
Package pdftex.def Info: root/Flinders_University_Logo_Stacked_RGB_Master-eps-converted-to.pdf  used on input line 8.
(pdftex.def)             Requested size: 169.0128pt x 176.6277pt.
<root/ENSTA-LogoH-COULEUR.png, id=2, 2007.5pt x 831.105pt>
File: root/ENSTA-LogoH-COULEUR.png Graphic file (type png)
<use root/ENSTA-LogoH-COULEUR.png>
Package pdftex.def Info: root/ENSTA-LogoH-COULEUR.png  used on input line 12.
(pdftex.def)             Requested size: 253.51491pt x 104.95313pt.


[1

{/home/dkrish/.miktex/texmfs/data/fonts/map/pdftex/pdftex.map}{/home/dkrish/.miktex/texmfs/install/fonts/enc/dvips/base/8r.enc} <./root/Flinders_University_Logo_Stacked_RGB_Master-eps-converted-to.pdf> <./root/ENSTA-LogoH-COULEUR.png>])
No file main.toc.
\tf@toc=\write5
\openout5 = `main.toc'.



File: root/ENSTA-LogoH-COULEUR.png Graphic file (type png)
<use root/ENSTA-LogoH-COULEUR.png>
Package pdftex.def Info: root/ENSTA-LogoH-COULEUR.png  used on input line 85.
(pdftex.def)             Requested size: 99.58444pt x 42.67366pt.
Package epstopdf Info: Source file: <root/Flinders_University_Logo_Horizontal_RGB_Master.eps>
(epstopdf)                    date: 2022-06-19 17:24:24
(epstopdf)                    size: 1191854 bytes
(epstopdf)             Output file: <root/Flinders_University_Logo_Horizontal_RGB_Master-eps-converted-to.pdf>
(epstopdf)                    date: 2024-11-05 21:01:08
(epstopdf)                    size: 21208 bytes
(epstopdf)             Command: <miktex-epstopdf --outfile=root/Flinders_University_Logo_Horizontal_RGB_Master-eps-converted-to.pdf root/Flinders_University_Logo_Horizontal_RGB_Master.eps>
(epstopdf)             \includegraphics on input line 85.
Package epstopdf Info: Output file is already uptodate.
<root/Flinders_University_Logo_Horizontal_RGB_Master-eps-converted-to.pdf, id=14, 1004.75375pt x 294.09875pt>
File: root/Flinders_University_Logo_Horizontal_RGB_Master-eps-converted-to.pdf Graphic file (type pdf)
<use root/Flinders_University_Logo_Horizontal_RGB_Master-eps-converted-to.pdf>
Package pdftex.def Info: root/Flinders_University_Logo_Horizontal_RGB_Master-eps-converted-to.pdf  used on input line 85.
(pdftex.def)             Requested size: 126.36047pt x 36.98866pt.
[2

 <./root/Flinders_University_Logo_Horizontal_RGB_Master-eps-converted-to.pdf>] (sources/1_introduction.tex

Package lipsum Warning: Unknown language 'latin'. Hyphenation patterns for
(lipsum)                'english' will be used instead.

<figures/tex.png, id=21, 872.25874pt x 904.37875pt>
File: figures/tex.png Graphic file (type png)
<use figures/tex.png>
Package pdftex.def Info: figures/tex.png  used on input line 10.
(pdftex.def)             Requested size: 93.89265pt x 97.34302pt.


File: root/ENSTA-LogoH-COULEUR.png Graphic file (type png)
<use root/ENSTA-LogoH-COULEUR.png>
Package pdftex.def Info: root/ENSTA-LogoH-COULEUR.png  used on input line 15.
(pdftex.def)             Requested size: 99.58444pt x 42.67366pt.
Package epstopdf Info: Source file: <root/Flinders_University_Logo_Horizontal_RGB_Master.eps>
(epstopdf)                    date: 2022-06-19 17:24:24
(epstopdf)                    size: 1191854 bytes
(epstopdf)             Output file: <root/Flinders_University_Logo_Horizontal_RGB_Master-eps-converted-to.pdf>
(epstopdf)                    date: 2024-11-05 21:01:08
(epstopdf)                    size: 21208 bytes
(epstopdf)             Command: <miktex-epstopdf --outfile=root/Flinders_University_Logo_Horizontal_RGB_Master-eps-converted-to.pdf root/Flinders_University_Logo_Horizontal_RGB_Master.eps>
(epstopdf)             \includegraphics on input line 15.
Package epstopdf Info: Output file is already uptodate.
File: root/Flinders_University_Logo_Horizontal_RGB_Master-eps-converted-to.pdf Graphic file (type pdf)
<use root/Flinders_University_Logo_Horizontal_RGB_Master-eps-converted-to.pdf>
Package pdftex.def Info: root/Flinders_University_Logo_Horizontal_RGB_Master-eps-converted-to.pdf  used on input line 15.
(pdftex.def)             Requested size: 126.36047pt x 36.98866pt.
[1])

File: root/ENSTA-LogoH-COULEUR.png Graphic file (type png)
<use root/ENSTA-LogoH-COULEUR.png>
Package pdftex.def Info: root/ENSTA-LogoH-COULEUR.png  used on input line 94.
(pdftex.def)             Requested size: 99.58444pt x 42.67366pt.
Package epstopdf Info: Source file: <root/Flinders_University_Logo_Horizontal_RGB_Master.eps>
(epstopdf)                    date: 2022-06-19 17:24:24
(epstopdf)                    size: 1191854 bytes
(epstopdf)             Output file: <root/Flinders_University_Logo_Horizontal_RGB_Master-eps-converted-to.pdf>
(epstopdf)                    date: 2024-11-05 21:01:08
(epstopdf)                    size: 21208 bytes
(epstopdf)             Command: <miktex-epstopdf --outfile=root/Flinders_University_Logo_Horizontal_RGB_Master-eps-converted-to.pdf root/Flinders_University_Logo_Horizontal_RGB_Master.eps>
(epstopdf)             \includegraphics on input line 94.
Package epstopdf Info: Output file is already uptodate.
File: root/Flinders_University_Logo_Horizontal_RGB_Master-eps-converted-to.pdf Graphic file (type pdf)
<use root/Flinders_University_Logo_Horizontal_RGB_Master-eps-converted-to.pdf>
Package pdftex.def Info: root/Flinders_University_Logo_Horizontal_RGB_Master-eps-converted-to.pdf  used on input line 94.
(pdftex.def)             Requested size: 126.36047pt x 36.98866pt.
[2 <./figures/tex.png>]
No file main.lof.
\tf@lof=\write6
\openout6 = `main.lof'.



File: root/ENSTA-LogoH-COULEUR.png Graphic file (type png)
<use root/ENSTA-LogoH-COULEUR.png>
Package pdftex.def Info: root/ENSTA-LogoH-COULEUR.png  used on input line 101.
(pdftex.def)             Requested size: 99.58444pt x 42.67366pt.
Package epstopdf Info: Source file: <root/Flinders_University_Logo_Horizontal_RGB_Master.eps>
(epstopdf)                    date: 2022-06-19 17:24:24
(epstopdf)                    size: 1191854 bytes
(epstopdf)             Output file: <root/Flinders_University_Logo_Horizontal_RGB_Master-eps-converted-to.pdf>
(epstopdf)                    date: 2024-11-05 21:01:08
(epstopdf)                    size: 21208 bytes
(epstopdf)             Command: <miktex-epstopdf --outfile=root/Flinders_University_Logo_Horizontal_RGB_Master-eps-converted-to.pdf root/Flinders_University_Logo_Horizontal_RGB_Master.eps>
(epstopdf)             \includegraphics on input line 101.
Package epstopdf Info: Output file is already uptodate.
File: root/Flinders_University_Logo_Horizontal_RGB_Master-eps-converted-to.pdf Graphic file (type pdf)
<use root/Flinders_University_Logo_Horizontal_RGB_Master-eps-converted-to.pdf>
Package pdftex.def Info: root/Flinders_University_Logo_Horizontal_RGB_Master-eps-converted-to.pdf  used on input line 101.
(pdftex.def)             Requested size: 126.36047pt x 36.98866pt.
[1

]
No file main.lot.
\tf@lot=\write7
\openout7 = `main.lot'.



File: root/ENSTA-LogoH-COULEUR.png Graphic file (type png)
<use root/ENSTA-LogoH-COULEUR.png>
Package pdftex.def Info: root/ENSTA-LogoH-COULEUR.png  used on input line 106.
(pdftex.def)             Requested size: 99.58444pt x 42.67366pt.
Package epstopdf Info: Source file: <root/Flinders_University_Logo_Horizontal_RGB_Master.eps>
(epstopdf)                    date: 2022-06-19 17:24:24
(epstopdf)                    size: 1191854 bytes
(epstopdf)             Output file: <root/Flinders_University_Logo_Horizontal_RGB_Master-eps-converted-to.pdf>
(epstopdf)                    date: 2024-11-05 21:01:08
(epstopdf)                    size: 21208 bytes
(epstopdf)             Command: <miktex-epstopdf --outfile=root/Flinders_University_Logo_Horizontal_RGB_Master-eps-converted-to.pdf root/Flinders_University_Logo_Horizontal_RGB_Master.eps>
(epstopdf)             \includegraphics on input line 106.
Package epstopdf Info: Output file is already uptodate.
File: root/Flinders_University_Logo_Horizontal_RGB_Master-eps-converted-to.pdf Graphic file (type pdf)
<use root/Flinders_University_Logo_Horizontal_RGB_Master-eps-converted-to.pdf>
Package pdftex.def Info: root/Flinders_University_Logo_Horizontal_RGB_Master-eps-converted-to.pdf  used on input line 106.
(pdftex.def)             Requested size: 126.36047pt x 36.98866pt.
[2

] (sources/9_nomenclat.tex
\@nomenclaturefile=\write8
\openout8 = `main.nlo'.

Package nomencl Info: Writing nomenclature file main.nlo on input line 1.
)
No file main.nls.
(main.bbl
main.bbl:5: Undefined control sequence.
l.5   \url
          {https://osubeavers.com/sports/2013/7/9/208626262}.
The control sequence at the end of the top line
of your error message was never \def'ed. If you have
misspelled it (e.g., `\hobx'), type `I' and the correct
spelling (e.g., `I\hbox'). Otherwise just continue,
and I'll forget about whatever was undefined.


Underfull \hbox (badness 10000) in paragraph at lines 4--7
[]\T1/ptm/m/n/12 ``The Mascot - "Benny Beaver".'' https://osubeavers.com/sports/2013/7/9/208626262.
 []

)

[3

]

File: root/ENSTA-LogoH-COULEUR.png Graphic file (type png)
<use root/ENSTA-LogoH-COULEUR.png>
Package pdftex.def Info: root/ENSTA-LogoH-COULEUR.png  used on input line 119.
(pdftex.def)             Requested size: 99.58444pt x 42.67366pt.
Package epstopdf Info: Source file: <root/Flinders_University_Logo_Horizontal_RGB_Master.eps>
(epstopdf)                    date: 2022-06-19 17:24:24
(epstopdf)                    size: 1191854 bytes
(epstopdf)             Output file: <root/Flinders_University_Logo_Horizontal_RGB_Master-eps-converted-to.pdf>
(epstopdf)                    date: 2024-11-05 21:01:08
(epstopdf)                    size: 21208 bytes
(epstopdf)             Command: <miktex-epstopdf --outfile=root/Flinders_University_Logo_Horizontal_RGB_Master-eps-converted-to.pdf root/Flinders_University_Logo_Horizontal_RGB_Master.eps>
(epstopdf)             \includegraphics on input line 119.
Package epstopdf Info: Output file is already uptodate.
File: root/Flinders_University_Logo_Horizontal_RGB_Master-eps-converted-to.pdf Graphic file (type pdf)
<use root/Flinders_University_Logo_Horizontal_RGB_Master-eps-converted-to.pdf>
Package pdftex.def Info: root/Flinders_University_Logo_Horizontal_RGB_Master-eps-converted-to.pdf  used on input line 119.
(pdftex.def)             Requested size: 126.36047pt x 36.98866pt.
[4] 
enddocument/afterlastpage: lastpage setting LastPage.
(main.aux)
 ***********
LaTeX2e <2024-11-01>
L3 programming layer <2024-10-09>
 ***********


LaTeX Warning: Label(s) may have changed. Rerun to get cross-references right.


Package lastpage Warning: Rerun to get the references right on input line 119.

 ) 
Here is how much of TeX's memory you used:
 17870 strings out of 475637
 371930 string characters out of 5771129
 1197001 words of memory out of 5000000
 40396 multiletter control sequences out of 15000+600000
 590535 words of font info for 65 fonts, out of 8000000 for 9000
 0 hyphenation exceptions out of 8191
 110i,14n,118p,591b,430s stack positions out of 10000i,1000n,20000p,200000b,200000s
</home/dkrish/.miktex/texmfs/install/fonts/type1/urw/times/utmb8a.pfb></home/dkrish/.miktex/texmfs/install/fonts/type1/urw/times/utmr8a.pfb>
Output written on main.pdf (8 pages, 220178 bytes).
PDF statistics:
 53 PDF objects out of 1000 (max. 8388607)
 0 named destinations out of 1000 (max. 500000)
 21 words of extra memory for PDF output out of 10000 (max. 10000000)

